<?xml version="1.0" encoding="UTF-8"?>
<testng-results skipped="0" failed="0" ignored="0" total="2" passed="2">
  <reporter-output>
  </reporter-output>
  <suite name="Suite" duration-ms="26495" started-at="2018-07-01T07:39:30Z" finished-at="2018-07-01T07:39:57Z">
    <groups>
    </groups>
    <test name="Test" duration-ms="26495" started-at="2018-07-01T07:39:30Z" finished-at="2018-07-01T07:39:57Z">
      <class name="Test.verifyPageAccess">
        <test-method status="PASS" signature="setup()[pri:0, instance:Test.verifyPageAccess@47c62251]" name="setup" is-config="true" duration-ms="9" started-at="2018-07-01T07:39:30Z" finished-at="2018-07-01T07:39:30Z">
          <reporter-output>
          </reporter-output>
        </test-method> <!-- setup -->
        <test-method status="PASS" signature="AFB()[pri:0, instance:Test.verifyPageAccess@47c62251]" name="AFB" duration-ms="10662" started-at="2018-07-01T07:39:30Z" finished-at="2018-07-01T07:39:41Z">
          <reporter-output>
          </reporter-output>
        </test-method> <!-- AFB -->
        <test-method status="PASS" signature="teardown()[pri:0, instance:Test.verifyPageAccess@47c62251]" name="teardown" is-config="true" duration-ms="3165" started-at="2018-07-01T07:39:41Z" finished-at="2018-07-01T07:39:44Z">
          <reporter-output>
          </reporter-output>
        </test-method> <!-- teardown -->
        <test-method status="PASS" signature="G()[pri:0, instance:Test.verifyPageAccess@47c62251]" name="G" duration-ms="9483" started-at="2018-07-01T07:39:44Z" finished-at="2018-07-01T07:39:54Z">
          <reporter-output>
          </reporter-output>
        </test-method> <!-- G -->
        <test-method status="PASS" signature="setup()[pri:0, instance:Test.verifyPageAccess@47c62251]" name="setup" is-config="true" duration-ms="0" started-at="2018-07-01T07:39:44Z" finished-at="2018-07-01T07:39:44Z">
          <reporter-output>
          </reporter-output>
        </test-method> <!-- setup -->
        <test-method status="PASS" signature="teardown()[pri:0, instance:Test.verifyPageAccess@47c62251]" name="teardown" is-config="true" duration-ms="3148" started-at="2018-07-01T07:39:54Z" finished-at="2018-07-01T07:39:57Z">
          <reporter-output>
          </reporter-output>
        </test-method> <!-- teardown -->
      </class> <!-- Test.verifyPageAccess -->
    </test> <!-- Test -->
  </suite> <!-- Suite -->
</testng-results>
